<?xml version="1.0" encoding="UTF-8"?>
<testng-results skipped="0" failed="2" ignored="0" total="3" passed="1">
  <reporter-output>
  </reporter-output>
  <suite name="Command line suite" duration-ms="26313" started-at="2022-06-18T18:05:20 EDT" finished-at="2022-06-18T18:05:46 EDT">
    <groups>
      <group name="cucumber">
        <method signature="AbstractTestNGCucumberTests.runScenario(io.cucumber.testng.PickleWrapper,io.cucumber.testng.FeatureWrapper)[pri:0, instance:CucumberOptions.TestNGTestRunner@543c6f6d]" name="runScenario" class="io.cucumber.testng.AbstractTestNGCucumberTests"/>
      </group> <!-- cucumber -->
    </groups>
    <test name="Command line test" duration-ms="26313" started-at="2022-06-18T18:05:20 EDT" finished-at="2022-06-18T18:05:46 EDT">
      <class name="CucumberOptions.TestNGTestRunner">
        <test-method status="PASS" signature="setUpClass(org.testng.ITestContext)[pri:0, instance:CucumberOptions.TestNGTestRunner@543c6f6d]" name="setUpClass" is-config="true" duration-ms="379" started-at="2022-06-18T18:05:20 EDT" finished-at="2022-06-18T18:05:20 EDT">
          <params>
            <param index="0">
              <value>
                <![CDATA[org.testng.TestRunner@5b7c8930]]>
              </value>
            </param>
          </params>
          <reporter-output>
          </reporter-output>
        </test-method> <!-- setUpClass -->
        <test-method status="PASS" signature="runScenario(io.cucumber.testng.PickleWrapper,io.cucumber.testng.FeatureWrapper)[pri:0, instance:CucumberOptions.TestNGTestRunner@543c6f6d]" name="runScenario" duration-ms="16182" started-at="2022-06-18T18:05:20 EDT" description="Runs Cucumber Scenarios" data-provider="scenarios" finished-at="2022-06-18T18:05:37 EDT">
          <params>
            <param index="0">
              <value>
                <![CDATA["Search Experience for product search in both home and Offer page"]]>
              </value>
            </param>
            <param index="1">
              <value>
                <![CDATA["Search and place the order for Products"]]>
              </value>
            </param>
          </params>
          <reporter-output>
          </reporter-output>
        </test-method> <!-- runScenario -->
        <test-method status="FAIL" signature="runScenario(io.cucumber.testng.PickleWrapper,io.cucumber.testng.FeatureWrapper)[pri:0, instance:CucumberOptions.TestNGTestRunner@543c6f6d]" name="runScenario" duration-ms="6963" started-at="2022-06-18T18:05:37 EDT" description="Runs Cucumber Scenarios" data-provider="scenarios" finished-at="2022-06-18T18:05:44 EDT">
          <params>
            <param index="0">
              <value>
                <![CDATA["Search Experience for product search in both home and Offer page"]]>
              </value>
            </param>
            <param index="1">
              <value>
                <![CDATA["Search and place the order for Products"]]>
              </value>
            </param>
          </params>
          <exception class="java.lang.NullPointerException">
            <full-stacktrace>
              <![CDATA[java.lang.NullPointerException
at paageObjects.OffersPage.searchItem(OffersPage.java:21)
at stepDefinitions.OfferPageStepDefinition.user_searched_for_shortname_in_offers_page_to_check_if_product_exist(OfferPageStepDefinition.java:43)
at ✽.user Searched for Tom shortname in offers page to check if product exist(file:///Users/bor/IdeaProjects/BORA/src/test/java/features/searchProduct.feature:8)
]]>
            </full-stacktrace>
          </exception> <!-- java.lang.NullPointerException -->
          <reporter-output>
          </reporter-output>
        </test-method> <!-- runScenario -->
        <test-method status="FAIL" signature="runScenario(io.cucumber.testng.PickleWrapper,io.cucumber.testng.FeatureWrapper)[pri:0, instance:CucumberOptions.TestNGTestRunner@543c6f6d]" name="runScenario" duration-ms="2482" started-at="2022-06-18T18:05:44 EDT" description="Runs Cucumber Scenarios" data-provider="scenarios" finished-at="2022-06-18T18:05:46 EDT">
          <params>
            <param index="0">
              <value>
                <![CDATA["Search Experience for product search in both home and Offer page"]]>
              </value>
            </param>
            <param index="1">
              <value>
                <![CDATA["Search and place the order for Products"]]>
              </value>
            </param>
          </params>
          <exception class="org.openqa.selenium.NoSuchWindowException">
            <message>
              <![CDATA[no such window: target window already closed
from unknown error: web view not found
  (Session info: chrome=102.0.5005.115)
Build info: version: '3.141.59', revision: 'e82be7d358', time: '2018-11-14T08:17:03'
System info: host: 'Abrams-MacBook-Air', ip: 'fe80:0:0:0:1015:3e74:7577:e57a%en0', os.name: 'Mac OS X', os.arch: 'aarch64', os.version: '12.4', java.version: '1.8.0_332'
Driver info: org.openqa.selenium.chrome.ChromeDriver
Capabilities {acceptInsecureCerts: false, browserName: chrome, browserVersion: 102.0.5005.115, chrome: {chromedriverVersion: 102.0.5005.61 (0e59bcc00cc4..., userDataDir: /var/folders/tz/3hsrxvnj0kz...}, goog:chromeOptions: {debuggerAddress: localhost:51856}, javascriptEnabled: true, networkConnectionEnabled: false, pageLoadStrategy: normal, platform: MAC, platformName: MAC, proxy: Proxy(), setWindowRect: true, strictFileInteractability: false, timeouts: {implicit: 0, pageLoad: 300000, script: 30000}, unhandledPromptBehavior: dismiss and notify, webauthn:extension:credBlob: true, webauthn:extension:largeBlob: true, webauthn:virtualAuthenticators: true}
Session ID: 94c29a0eb1e5def2a62f3a345d04b369]]>
            </message>
            <full-stacktrace>
              <![CDATA[org.openqa.selenium.NoSuchWindowException: no such window: target window already closed
from unknown error: web view not found
  (Session info: chrome=102.0.5005.115)
Build info: version: '3.141.59', revision: 'e82be7d358', time: '2018-11-14T08:17:03'
System info: host: 'Abrams-MacBook-Air', ip: 'fe80:0:0:0:1015:3e74:7577:e57a%en0', os.name: 'Mac OS X', os.arch: 'aarch64', os.version: '12.4', java.version: '1.8.0_332'
Driver info: org.openqa.selenium.chrome.ChromeDriver
Capabilities {acceptInsecureCerts: false, browserName: chrome, browserVersion: 102.0.5005.115, chrome: {chromedriverVersion: 102.0.5005.61 (0e59bcc00cc4..., userDataDir: /var/folders/tz/3hsrxvnj0kz...}, goog:chromeOptions: {debuggerAddress: localhost:51856}, javascriptEnabled: true, networkConnectionEnabled: false, pageLoadStrategy: normal, platform: MAC, platformName: MAC, proxy: Proxy(), setWindowRect: true, strictFileInteractability: false, timeouts: {implicit: 0, pageLoad: 300000, script: 30000}, unhandledPromptBehavior: dismiss and notify, webauthn:extension:credBlob: true, webauthn:extension:largeBlob: true, webauthn:virtualAuthenticators: true}
Session ID: 94c29a0eb1e5def2a62f3a345d04b369
at sun.reflect.NativeConstructorAccessorImpl.newInstance0(Native Method)
at sun.reflect.NativeConstructorAccessorImpl.newInstance(NativeConstructorAccessorImpl.java:62)
at sun.reflect.DelegatingConstructorAccessorImpl.newInstance(DelegatingConstructorAccessorImpl.java:45)
at java.lang.reflect.Constructor.newInstance(Constructor.java:423)
at org.openqa.selenium.remote.http.W3CHttpResponseCodec.createException(W3CHttpResponseCodec.java:187)
at org.openqa.selenium.remote.http.W3CHttpResponseCodec.decode(W3CHttpResponseCodec.java:122)
at org.openqa.selenium.remote.http.W3CHttpResponseCodec.decode(W3CHttpResponseCodec.java:49)
at org.openqa.selenium.remote.HttpCommandExecutor.execute(HttpCommandExecutor.java:158)
at org.openqa.selenium.remote.service.DriverCommandExecutor.execute(DriverCommandExecutor.java:83)
at org.openqa.selenium.remote.RemoteWebDriver.execute(RemoteWebDriver.java:552)
at org.openqa.selenium.remote.RemoteWebDriver.execute(RemoteWebDriver.java:609)
at org.openqa.selenium.remote.RemoteWebDriver.getTitle(RemoteWebDriver.java:281)
at paageObjects.LandingPage.getTitleLandingPage(LandingPage.java:30)
at stepDefinitions.LandingPageStepDefinition.user_is_on_green_cart_landing_page(LandingPageStepDefinition.java:25)
at ✽.User is on GreenCart Landing page(file:///Users/bor/IdeaProjects/BORA/src/test/java/features/searchProduct.feature:6)
]]>
            </full-stacktrace>
          </exception> <!-- org.openqa.selenium.NoSuchWindowException -->
          <reporter-output>
          </reporter-output>
        </test-method> <!-- runScenario -->
        <test-method status="PASS" signature="tearDownClass()[pri:0, instance:CucumberOptions.TestNGTestRunner@543c6f6d]" name="tearDownClass" is-config="true" duration-ms="287" started-at="2022-06-18T18:05:46 EDT" finished-at="2022-06-18T18:05:46 EDT">
          <reporter-output>
          </reporter-output>
        </test-method> <!-- tearDownClass -->
      </class> <!-- CucumberOptions.TestNGTestRunner -->
    </test> <!-- Command line test -->
  </suite> <!-- Command line suite -->
</testng-results>
